生成启动时间为 2022/7/24 22:11:55。
     1>项目“D:\大恕编程程序\MFC学习程序\ChatRoom\ChatRoom\ChatRoom.vcxproj”在节点 2 上(Build 个目标)。
     1>ClCompile:
         D:\Microsoft Visual Studio 12.0\VC\bin\CL.exe /c /Zi /nologo /W3 /WX- /O2 /Oi /Oy- /GL /D WIN32 /D _WINDOWS /D NDEBUG /D _USING_V110_SDK71_ /D _UNICODE /D UNICODE /Gm- /EHsc /MT /GS /Gy /fp:precise /Zc:wchar_t /Zc:forScope /Yc"stdafx.h" /Fp"Release\ChatRoom.pch" /Fo"Release\\" /Fd"Release\vc120.pdb" /Gd /TP /analyze- /errorReport:prompt stdafx.cpp
         stdafx.cpp
         D:\Microsoft Visual Studio 12.0\VC\bin\CL.exe /c /Zi /nologo /W3 /WX- /O2 /Oi /Oy- /GL /D WIN32 /D _WINDOWS /D NDEBUG /D _USING_V110_SDK71_ /D _UNICODE /D UNICODE /Gm- /EHsc /MT /GS /Gy /fp:precise /Zc:wchar_t /Zc:forScope /Yu"stdafx.h" /Fp"Release\ChatRoom.pch" /Fo"Release\\" /Fd"Release\vc120.pdb" /Gd /TP /analyze- /errorReport:prompt ChatRoom.cpp ChatRoomDlg.cpp Client.cpp Server.cpp
         ChatRoom.cpp
         ChatRoomDlg.cpp
     1>ChatRoomDlg.cpp(284): warning C4018: “<”: 有符号/无符号不匹配
         Client.cpp
         Server.cpp
       ResourceCompile:
         C:\Program Files (x86)\Microsoft SDKs\Windows\v7.1A\bin\rc.exe /D NDEBUG /D _USING_V110_SDK71_ /D _UNICODE /D UNICODE /l"0x0804" /IRelease\ /nologo /fo"Release\ChatRoom.res" ChatRoom.rc 
       Link:
         D:\Microsoft Visual Studio 12.0\VC\bin\link.exe /ERRORREPORT:PROMPT /OUT:"D:\大恕编程程序\MFC学习程序\ChatRoom\Release\ChatRoom.exe" /INCREMENTAL:NO /NOLOGO /MANIFEST /MANIFESTUAC:"level='asInvoker' uiAccess='false'" /manifest:embed /manifestinput:"D:\Microsoft Visual Studio 12.0\VC\Include\Manifest\dpiaware.manifest" /DEBUG /PDB:"D:\大恕编程程序\MFC学习程序\ChatRoom\Release\ChatRoom.pdb" /SUBSYSTEM:WINDOWS,"5.01" /OPT:REF /OPT:ICF /LTCG /TLBID:1 /ENTRY:"wWinMainCRTStartup" /DYNAMICBASE /NXCOMPAT /IMPLIB:"D:\大恕编程程序\MFC学习程序\ChatRoom\Release\ChatRoom.lib" /MACHINE:X86 /SAFESEH Release\ChatRoom.res
         Release\ChatRoom.obj
         Release\ChatRoomDlg.obj
         Release\Client.obj
         Release\Server.obj
         Release\stdafx.obj
         正在生成代码
         已完成代码的生成
         ChatRoom.vcxproj -> D:\大恕编程程序\MFC学习程序\ChatRoom\Release\ChatRoom.exe
     1>已完成生成项目“D:\大恕编程程序\MFC学习程序\ChatRoom\ChatRoom\ChatRoom.vcxproj”(Build 个目标)的操作。

生成成功。

已用时间 00:00:37.36
